2020-09-01T14:43:27+00:00 CRITICAL Uncaught Error: Call to undefined function hk_get_thumb() in /opt/lampp/htdocs/wp_noithat/wp-content/themes/custom_theme/header.php:69
Stack trace:
#0 /opt/lampp/htdocs/wp_noithat/wp-includes/template.php(730): require_once()
#1 /opt/lampp/htdocs/wp_noithat/wp-includes/template.php(676): load_template('/opt/lampp/htdo...', true, Array)
#2 /opt/lampp/htdocs/wp_noithat/wp-includes/general-template.php(48): locate_template(Array, true, true, Array)
#3 /opt/lampp/htdocs/wp_noithat/wp-content/themes/custom_theme/woocommerce/single-product.php(22): get_header('shop')
#4 /opt/lampp/htdocs/wp_noithat/wp-includes/template-loader.php(106): include('/opt/lampp/htdo...')
#5 /opt/lampp/htdocs/wp_noithat/wp-blog-header.php(19): require_once('/opt/lampp/htdo...')
#6 /opt/lampp/htdocs/wp_noithat/index.php(17): require('/opt/lampp/htdo...')
#7 {main}
  thrown in /opt/lampp/htdocs/wp_noithat/wp-content/themes/custom_theme/header.php on line 69

2020-09-01T14:44:24+00:00 CRITICAL Uncaught Error: Call to undefined function hk_get_thumb() in /opt/lampp/htdocs/wp_noithat/wp-content/themes/custom_theme/header.php:69
Stack trace:
#0 /opt/lampp/htdocs/wp_noithat/wp-includes/template.php(730): require_once()
#1 /opt/lampp/htdocs/wp_noithat/wp-includes/template.php(676): load_template('/opt/lampp/htdo...', true, Array)
#2 /opt/lampp/htdocs/wp_noithat/wp-includes/general-template.php(48): locate_template(Array, true, true, Array)
#3 /opt/lampp/htdocs/wp_noithat/wp-content/themes/custom_theme/woocommerce/single-product.php(22): get_header('shop')
#4 /opt/lampp/htdocs/wp_noithat/wp-includes/template-loader.php(106): include('/opt/lampp/htdo...')
#5 /opt/lampp/htdocs/wp_noithat/wp-blog-header.php(19): require_once('/opt/lampp/htdo...')
#6 /opt/lampp/htdocs/wp_noithat/index.php(17): require('/opt/lampp/htdo...')
#7 {main}
  thrown in /opt/lampp/htdocs/wp_noithat/wp-content/themes/custom_theme/header.php on line 69

2020-09-01T14:44:41+00:00 CRITICAL Uncaught Error: Call to undefined function hk_get_thumb() in /opt/lampp/htdocs/wp_noithat/wp-content/themes/custom_theme/header.php:69
Stack trace:
#0 /opt/lampp/htdocs/wp_noithat/wp-includes/template.php(730): require_once()
#1 /opt/lampp/htdocs/wp_noithat/wp-includes/template.php(676): load_template('/opt/lampp/htdo...', true, Array)
#2 /opt/lampp/htdocs/wp_noithat/wp-includes/general-template.php(48): locate_template(Array, true, true, Array)
#3 /opt/lampp/htdocs/wp_noithat/wp-content/themes/custom_theme/woocommerce/single-product.php(22): get_header('shop')
#4 /opt/lampp/htdocs/wp_noithat/wp-includes/template-loader.php(106): include('/opt/lampp/htdo...')
#5 /opt/lampp/htdocs/wp_noithat/wp-blog-header.php(19): require_once('/opt/lampp/htdo...')
#6 /opt/lampp/htdocs/wp_noithat/index.php(17): require('/opt/lampp/htdo...')
#7 {main}
  thrown in /opt/lampp/htdocs/wp_noithat/wp-content/themes/custom_theme/header.php on line 69

2020-09-01T14:48:14+00:00 CRITICAL Uncaught Error: Call to undefined function hk_get_thumb() in /opt/lampp/htdocs/wp_noithat/wp-content/themes/custom_theme/header.php:68
Stack trace:
#0 /opt/lampp/htdocs/wp_noithat/wp-includes/template.php(730): require_once()
#1 /opt/lampp/htdocs/wp_noithat/wp-includes/template.php(676): load_template('/opt/lampp/htdo...', true, Array)
#2 /opt/lampp/htdocs/wp_noithat/wp-includes/general-template.php(48): locate_template(Array, true, true, Array)
#3 /opt/lampp/htdocs/wp_noithat/wp-content/themes/custom_theme/woocommerce/single-product.php(22): get_header('shop')
#4 /opt/lampp/htdocs/wp_noithat/wp-includes/template-loader.php(106): include('/opt/lampp/htdo...')
#5 /opt/lampp/htdocs/wp_noithat/wp-blog-header.php(19): require_once('/opt/lampp/htdo...')
#6 /opt/lampp/htdocs/wp_noithat/index.php(17): require('/opt/lampp/htdo...')
#7 {main}
  thrown in /opt/lampp/htdocs/wp_noithat/wp-content/themes/custom_theme/header.php on line 68

2020-09-01T14:49:06+00:00 CRITICAL Uncaught Error: Call to undefined function hk_get_thumb() in /opt/lampp/htdocs/wp_noithat/wp-content/themes/custom_theme/header.php:68
Stack trace:
#0 /opt/lampp/htdocs/wp_noithat/wp-includes/template.php(730): require_once()
#1 /opt/lampp/htdocs/wp_noithat/wp-includes/template.php(676): load_template('/opt/lampp/htdo...', true, Array)
#2 /opt/lampp/htdocs/wp_noithat/wp-includes/general-template.php(48): locate_template(Array, true, true, Array)
#3 /opt/lampp/htdocs/wp_noithat/wp-content/themes/custom_theme/woocommerce/single-product.php(22): get_header('shop')
#4 /opt/lampp/htdocs/wp_noithat/wp-includes/template-loader.php(106): include('/opt/lampp/htdo...')
#5 /opt/lampp/htdocs/wp_noithat/wp-blog-header.php(19): require_once('/opt/lampp/htdo...')
#6 /opt/lampp/htdocs/wp_noithat/index.php(17): require('/opt/lampp/htdo...')
#7 {main}
  thrown in /opt/lampp/htdocs/wp_noithat/wp-content/themes/custom_theme/header.php on line 68

2020-09-01T14:49:12+00:00 CRITICAL Uncaught Error: Call to undefined function hk_get_thumb() in /opt/lampp/htdocs/wp_noithat/wp-content/themes/custom_theme/header.php:68
Stack trace:
#0 /opt/lampp/htdocs/wp_noithat/wp-includes/template.php(730): require_once()
#1 /opt/lampp/htdocs/wp_noithat/wp-includes/template.php(676): load_template('/opt/lampp/htdo...', true, Array)
#2 /opt/lampp/htdocs/wp_noithat/wp-includes/general-template.php(48): locate_template(Array, true, true, Array)
#3 /opt/lampp/htdocs/wp_noithat/wp-content/themes/custom_theme/page-home.php(5): get_header()
#4 /opt/lampp/htdocs/wp_noithat/wp-includes/template-loader.php(106): include('/opt/lampp/htdo...')
#5 /opt/lampp/htdocs/wp_noithat/wp-blog-header.php(19): require_once('/opt/lampp/htdo...')
#6 /opt/lampp/htdocs/wp_noithat/index.php(17): require('/opt/lampp/htdo...')
#7 {main}
  thrown in /opt/lampp/htdocs/wp_noithat/wp-content/themes/custom_theme/header.php on line 68

2020-09-01T14:49:15+00:00 CRITICAL Uncaught Error: Call to undefined function hk_get_thumb() in /opt/lampp/htdocs/wp_noithat/wp-content/themes/custom_theme/header.php:68
Stack trace:
#0 /opt/lampp/htdocs/wp_noithat/wp-includes/template.php(730): require_once()
#1 /opt/lampp/htdocs/wp_noithat/wp-includes/template.php(676): load_template('/opt/lampp/htdo...', true, Array)
#2 /opt/lampp/htdocs/wp_noithat/wp-includes/general-template.php(48): locate_template(Array, true, true, Array)
#3 /opt/lampp/htdocs/wp_noithat/wp-content/themes/custom_theme/woocommerce/archive-product.php(20): get_header('shop')
#4 /opt/lampp/htdocs/wp_noithat/wp-includes/template-loader.php(106): include('/opt/lampp/htdo...')
#5 /opt/lampp/htdocs/wp_noithat/wp-blog-header.php(19): require_once('/opt/lampp/htdo...')
#6 /opt/lampp/htdocs/wp_noithat/index.php(17): require('/opt/lampp/htdo...')
#7 {main}
  thrown in /opt/lampp/htdocs/wp_noithat/wp-content/themes/custom_theme/header.php on line 68

2020-09-01T14:57:35+00:00 CRITICAL Uncaught Error: Call to undefined function hk_get_thumb() in /opt/lampp/htdocs/wp_noithat/wp-content/themes/custom_theme/header.php:69
Stack trace:
#0 /opt/lampp/htdocs/wp_noithat/wp-includes/template.php(730): require_once()
#1 /opt/lampp/htdocs/wp_noithat/wp-includes/template.php(676): load_template('/opt/lampp/htdo...', true, Array)
#2 /opt/lampp/htdocs/wp_noithat/wp-includes/general-template.php(48): locate_template(Array, true, true, Array)
#3 /opt/lampp/htdocs/wp_noithat/wp-content/themes/custom_theme/woocommerce/single-product.php(22): get_header('shop')
#4 /opt/lampp/htdocs/wp_noithat/wp-includes/template-loader.php(106): include('/opt/lampp/htdo...')
#5 /opt/lampp/htdocs/wp_noithat/wp-blog-header.php(19): require_once('/opt/lampp/htdo...')
#6 /opt/lampp/htdocs/wp_noithat/index.php(17): require('/opt/lampp/htdo...')
#7 {main}
  thrown in /opt/lampp/htdocs/wp_noithat/wp-content/themes/custom_theme/header.php on line 69

2020-09-01T15:26:08+00:00 CRITICAL Uncaught Error: Call to undefined function hk_get_thumb() in /opt/lampp/htdocs/wp_noithat/wp-content/themes/custom_theme/header.php:70
Stack trace:
#0 /opt/lampp/htdocs/wp_noithat/wp-includes/template.php(730): require_once()
#1 /opt/lampp/htdocs/wp_noithat/wp-includes/template.php(676): load_template('/opt/lampp/htdo...', true, Array)
#2 /opt/lampp/htdocs/wp_noithat/wp-includes/general-template.php(48): locate_template(Array, true, true, Array)
#3 /opt/lampp/htdocs/wp_noithat/wp-content/themes/custom_theme/woocommerce/single-product.php(22): get_header('shop')
#4 /opt/lampp/htdocs/wp_noithat/wp-includes/template-loader.php(106): include('/opt/lampp/htdo...')
#5 /opt/lampp/htdocs/wp_noithat/wp-blog-header.php(19): require_once('/opt/lampp/htdo...')
#6 /opt/lampp/htdocs/wp_noithat/index.php(17): require('/opt/lampp/htdo...')
#7 {main}
  thrown in /opt/lampp/htdocs/wp_noithat/wp-content/themes/custom_theme/header.php on line 70

2020-09-01T15:26:26+00:00 CRITICAL Uncaught Error: Call to undefined function hk_get_thumb() in /opt/lampp/htdocs/wp_noithat/wp-content/themes/custom_theme/header.php:70
Stack trace:
#0 /opt/lampp/htdocs/wp_noithat/wp-includes/template.php(730): require_once()
#1 /opt/lampp/htdocs/wp_noithat/wp-includes/template.php(676): load_template('/opt/lampp/htdo...', true, Array)
#2 /opt/lampp/htdocs/wp_noithat/wp-includes/general-template.php(48): locate_template(Array, true, true, Array)
#3 /opt/lampp/htdocs/wp_noithat/wp-content/themes/custom_theme/woocommerce/single-product.php(22): get_header('shop')
#4 /opt/lampp/htdocs/wp_noithat/wp-includes/template-loader.php(106): include('/opt/lampp/htdo...')
#5 /opt/lampp/htdocs/wp_noithat/wp-blog-header.php(19): require_once('/opt/lampp/htdo...')
#6 /opt/lampp/htdocs/wp_noithat/index.php(17): require('/opt/lampp/htdo...')
#7 {main}
  thrown in /opt/lampp/htdocs/wp_noithat/wp-content/themes/custom_theme/header.php on line 70

